mode: set
github.com/adamcolton/luce/ds/idx/byteid/bytemap/bytemap.go:17.37,23.2 1 1
github.com/adamcolton/luce/ds/idx/byteid/bytemap/bytemap.go:25.37,27.2 1 1
github.com/adamcolton/luce/ds/idx/byteid/bytemap/bytemap.go:29.46,30.25 1 1
github.com/adamcolton/luce/ds/idx/byteid/bytemap/bytemap.go:30.25,32.3 1 1
github.com/adamcolton/luce/ds/idx/byteid/bytemap/bytemap.go:35.52,38.8 3 1
github.com/adamcolton/luce/ds/idx/byteid/bytemap/bytemap.go:41.2,42.34 2 1
github.com/adamcolton/luce/ds/idx/byteid/bytemap/bytemap.go:53.2,54.17 2 1
github.com/adamcolton/luce/ds/idx/byteid/bytemap/bytemap.go:38.8,40.3 1 1
github.com/adamcolton/luce/ds/idx/byteid/bytemap/bytemap.go:42.34,45.3 2 1
github.com/adamcolton/luce/ds/idx/byteid/bytemap/bytemap.go:45.8,49.10 4 1
github.com/adamcolton/luce/ds/idx/byteid/bytemap/bytemap.go:49.10,51.4 1 1
github.com/adamcolton/luce/ds/idx/byteid/bytemap/bytemap.go:57.49,60.9 3 1
github.com/adamcolton/luce/ds/idx/byteid/bytemap/bytemap.go:63.2,63.16 1 1
github.com/adamcolton/luce/ds/idx/byteid/bytemap/bytemap.go:60.9,62.3 1 1
github.com/adamcolton/luce/ds/idx/byteid/bytemap/bytemap.go:66.52,69.9 3 1
github.com/adamcolton/luce/ds/idx/byteid/bytemap/bytemap.go:72.2,74.18 3 1
github.com/adamcolton/luce/ds/idx/byteid/bytemap/bytemap.go:69.9,71.3 1 1
github.com/adamcolton/luce/ds/idx/byteid/bytemap/bytemap.go:77.55,80.30 3 1
github.com/adamcolton/luce/ds/idx/byteid/bytemap/bytemap.go:88.2,88.22 1 1
github.com/adamcolton/luce/ds/idx/byteid/bytemap/bytemap.go:80.30,83.66 3 1
github.com/adamcolton/luce/ds/idx/byteid/bytemap/bytemap.go:83.66,86.4 2 1
